SF:lib\model\photo.dart
DA:2,0
DA:49,1
DA:50,2
DA:51,2
DA:52,2
DA:53,2
DA:54,2
DA:55,2
DA:56,2
DA:57,2
DA:58,2
DA:59,2
DA:60,2
DA:61,2
DA:62,2
DA:63,2
DA:64,2
DA:65,2
DA:66,2
DA:67,2
DA:68,2
DA:69,2
DA:70,2
DA:71,2
DA:74,0
DA:75,0
DA:76,0
DA:77,0
DA:78,0
DA:79,0
DA:80,0
DA:81,0
DA:82,0
DA:83,0
DA:84,0
DA:85,0
DA:86,0
DA:87,0
DA:88,0
DA:89,0
DA:90,0
DA:91,0
DA:92,0
DA:93,0
DA:94,0
DA:95,0
DA:96,0
DA:97,0
LF:48
LH:23
end_of_record
SF:lib\ui\home_view_model.dart
DA:8,2
DA:13,6
DA:15,1
DA:16,2
DA:17,2
LF:5
LH:5
end_of_record
SF:lib\data\pixabay_api.dart
DA:11,0
DA:14,0
DA:16,0
DA:17,0
DA:18,0
LF:5
LH:0
end_of_record
SF:lib\main.dart
DA:7,0
DA:8,0
DA:12,2
DA:15,1
DA:17,1
DA:19,1
DA:22,1
DA:23,2
LF:8
LH:6
end_of_record
SF:lib\data\photo_provider.dart
DA:6,1
DA:10,1
DA:12,1
DA:14,1
DA:15,1
DA:19,0
LF:6
LH:5
end_of_record
SF:lib\ui\home_screen.dart
DA:7,1
DA:11,1
DA:12,1
DA:18,0
DA:20,0
DA:21,0
DA:24,1
DA:26,2
DA:27,1
DA:28,1
DA:37,2
DA:38,1
DA:40,1
DA:41,1
DA:42,1
DA:46,1
DA:47,0
DA:48,0
DA:55,1
DA:56,1
DA:57,1
DA:58,1
DA:61,0
DA:62,0
DA:63,0
DA:65,0
DA:72,0
DA:73,0
DA:74,0
LF:29
LH:17
end_of_record
SF:lib\ui\widget\photo_widget.dart
DA:8,0
DA:11,0
DA:13,0
DA:15,0
DA:16,0
DA:18,0
DA:20,0
LF:7
LH:0
end_of_record
